remote object 'system/lib/libcamera.so' does not exist
658 KB/s (9868 bytes in 0.014s)
2263 KB/s (49424 bytes in 0.021s)
remote object 'system/lib/libsec-ril.so' does not exist
4748 KB/s (691696 bytes in 0.142s)
2762 KB/s (13768 bytes in 0.004s)
remote object 'system/lib/libcamera.so' does not exist
3049 KB/s (125684 bytes in 0.040s)
3189 KB/s (55396 bytes in 0.016s)
3765 KB/s (551820 bytes in 0.143s)
5567 KB/s (142864 bytes in 0.025s)
remote object 'system/lib/libarccamera.so' does not exist
remote object 'system/lib/libcaps.so' does not exist
remote object 'system/lib/libseccamera.so' does not exist
remote object 'system/lib/libseccameraadaptor.so' does not exist
2711 KB/s (14156 bytes in 0.005s)
remote object 'system/bin/fm_qsoc_patches' does not exist
3279 KB/s (177096 bytes in 0.052s)
3174 KB/s (44060 bytes in 0.013s)
1721 KB/s (9432 bytes in 0.005s)
3043 KB/s (35436 bytes in 0.011s)
3304 KB/s (555868 bytes in 0.164s)
2597 KB/s (17932 bytes in 0.006s)
3051 KB/s (608136 bytes in 0.194s)
remote object 'system/lib/libmmparser_divxdrmlib.so' does not exist
4513 KB/s (194244 bytes in 0.042s)
2824 KB/s (16011 bytes in 0.005s)
822 KB/s (2048 bytes in 0.002s)
3572 KB/s (109531 bytes in 0.029s)
3044 KB/s (30424 bytes in 0.009s)
3478 KB/s (130000 bytes in 0.036s)
3246 KB/s (200968 bytes in 0.060s)
3526 KB/s (599988 bytes in 0.166s)
3479 KB/s (371144 bytes in 0.104s)
2935 KB/s (55100 bytes in 0.018s)
3733 KB/s (251728 bytes in 0.065s)
3887 KB/s (1417716 bytes in 0.356s)
466 KB/s (1156 bytes in 0.002s)
1638 KB/s (9220 bytes in 0.005s)
1876 KB/s (10284 bytes in 0.005s)
3579 KB/s (88820 bytes in 0.024s)
2688 KB/s (22752 bytes in 0.008s)
2823 KB/s (30132 bytes in 0.010s)
3324 KB/s (58824 bytes in 0.017s)
3599 KB/s (97224 bytes in 0.026s)
1244 KB/s (5320 bytes in 0.004s)
2154 KB/s (9816 bytes in 0.004s)
3652 KB/s (215436 bytes in 0.057s)
1304 KB/s (5444 bytes in 0.004s)
3268 KB/s (63816 bytes in 0.019s)
2992 KB/s (26276 bytes in 0.008s)
2927 KB/s (34492 bytes in 0.011s)
3836 KB/s (43072 bytes in 0.010s)
4521 KB/s (22432 bytes in 0.004s)
4740 KB/s (17904 bytes in 0.003s)
4680 KB/s (38696 bytes in 0.008s)
4978 KB/s (93604 bytes in 0.018s)
3238 KB/s (30376 bytes in 0.009s)
2614 KB/s (38588 bytes in 0.014s)
3626 KB/s (189296 bytes in 0.050s)
3802 KB/s (502292 bytes in 0.128s)
3057 KB/s (42796 bytes in 0.013s)
3698 KB/s (185852 bytes in 0.049s)
3506 KB/s (127792 bytes in 0.035s)
3576 KB/s (96188 bytes in 0.026s)
2887 KB/s (30376 bytes in 0.010s)
3057 KB/s (38588 bytes in 0.012s)
3591 KB/s (341852 bytes in 0.092s)
3747 KB/s (215436 bytes in 0.056s)
3769 KB/s (131884 bytes in 0.034s)
3045 KB/s (42740 bytes in 0.013s)
3773 KB/s (1197108 bytes in 0.309s)
1901 KB/s (9672 bytes in 0.004s)
